Determining if the pthread_create exist failed with the following output:
Change Dir: /home/nubot8/dynamic_allocation/task_allocation/build/CMakeFiles/CMakeTmp

Run Build Command:"/usr/bin/make" "cmTC_336b1/fast"
/usr/bin/make -f CMakeFiles/cmTC_336b1.dir/build.make CMakeFiles/cmTC_336b1.dir/build
make[1]: Entering directory '/home/nubot8/dynamic_allocation/task_allocation/build/CMakeFiles/CMakeTmp'
Building C object CMakeFiles/cmTC_336b1.dir/CheckSymbolExists.c.o
/usr/bin/cc     -o CMakeFiles/cmTC_336b1.dir/CheckSymbolExists.c.o   -c /home/nubot8/dynamic_allocation/task_allocation/build/CMakeFiles/CMakeTmp/CheckSymbolExists.c
Linking C executable cmTC_336b1
/usr/bin/cmake -E cmake_link_script CMakeFiles/cmTC_336b1.dir/link.txt --verbose=1
/usr/bin/cc       CMakeFiles/cmTC_336b1.dir/CheckSymbolExists.c.o  -o cmTC_336b1 -rdynamic 
CMakeFiles/cmTC_336b1.dir/CheckSymbolExists.c.o: In function `main':
CheckSymbolExists.c:(.text+0x16): undefined reference to `pthread_create'
collect2: error: ld returned 1 exit status
CMakeFiles/cmTC_336b1.dir/build.make:97: recipe for target 'cmTC_336b1' failed
make[1]: *** [cmTC_336b1] Error 1
make[1]: Leaving directory '/home/nubot8/dynamic_allocation/task_allocation/build/CMakeFiles/CMakeTmp'
Makefile:126: recipe for target 'cmTC_336b1/fast' failed
make: *** [cmTC_336b1/fast] Error 2

File /home/nubot8/dynamic_allocation/task_allocation/build/CMakeFiles/CMakeTmp/CheckSymbolExists.c:
/* */
#include <pthread.h>

int main(int argc, char** argv)
{
  (void)argv;
#ifndef pthread_create
  return ((int*)(&pthread_create))[argc];
#else
  (void)argc;
  return 0;
#endif
}

Determining if the function pthread_create exists in the pthreads failed with the following output:
Change Dir: /home/nubot8/dynamic_allocation/task_allocation/build/CMakeFiles/CMakeTmp

Run Build Command:"/usr/bin/make" "cmTC_77015/fast"
/usr/bin/make -f CMakeFiles/cmTC_77015.dir/build.make CMakeFiles/cmTC_77015.dir/build
make[1]: Entering directory '/home/nubot8/dynamic_allocation/task_allocation/build/CMakeFiles/CMakeTmp'
Building C object CMakeFiles/cmTC_77015.dir/CheckFunctionExists.c.o
/usr/bin/cc    -DCHECK_FUNCTION_EXISTS=pthread_create   -o CMakeFiles/cmTC_77015.dir/CheckFunctionExists.c.o   -c /usr/share/cmake-3.5/Modules/CheckFunctionExists.c
Linking C executable cmTC_77015
/usr/bin/cmake -E cmake_link_script CMakeFiles/cmTC_77015.dir/link.txt --verbose=1
/usr/bin/cc   -DCHECK_FUNCTION_EXISTS=pthread_create    CMakeFiles/cmTC_77015.dir/CheckFunctionExists.c.o  -o cmTC_77015 -rdynamic -lpthreads 
/usr/bin/ld: cannot find -lpthreads
collect2: error: ld returned 1 exit status
CMakeFiles/cmTC_77015.dir/build.make:97: recipe for target 'cmTC_77015' failed
make[1]: *** [cmTC_77015] Error 1
make[1]: Leaving directory '/home/nubot8/dynamic_allocation/task_allocation/build/CMakeFiles/CMakeTmp'
Makefile:126: recipe for target 'cmTC_77015/fast' failed
make: *** [cmTC_77015/fast] Error 2


